#
# There is insufficient memory for the Java Runtime Environment to continue.
# Native memory allocation (mmap) failed to map 264241152 bytes for G1 virtual space
# Possible reasons:
#   The system is out of physical RAM or swap space
#   The process is running with CompressedOops enabled, and the Java Heap may be blocking the growth of the native heap
# Possible solutions:
#   Reduce memory load on the system
#   Increase physical memory or swap space
#   Check if swap backing store is full
#   Decrease Java heap size (-Xmx/-Xms)
#   Decrease number of Java threads
#   Decrease Java thread stack sizes (-Xss)
#   Set larger code cache with -XX:ReservedCodeCacheSize=
#   JVM is running with Zero Based Compressed Oops mode in which the Java heap is
#     placed in the first 32GB address space. The Java Heap base address is the
#     maximum limit for the native heap growth. Please use -XX:HeapBaseMinAddress
#     to set the Java Heap base and to place the Java Heap above 32GB virtual address.
# This output file may be truncated or incomplete.
#
#  Out of Memory Error (os_windows.cpp:3825), pid=24456, tid=9440
#
# JRE version:  (17.0.9) (build )
# Java VM: OpenJDK 64-Bit Server VM (17.0.9+0--11185874, mixed mode, sharing, tiered, compressed oops, compressed class ptrs, g1 gc, windows-amd64)
# No core dump will be written. Minidumps are not enabled by default on client versions of Windows
#

---------------  S U M M A R Y ------------

Command Line: git4idea.http.GitAskPassApp Username for 'https://github.com': 

Host: 12th Gen Intel(R) Core(TM) i5-1240P, 16 cores, 15G,  Windows 11 , 64 bit Build 22621 (10.0.22621.3527)
Time: Mon May  6 16:02:09 2024  Windows 11 , 64 bit Build 22621 (10.0.22621.3527) elapsed time: 0.013469 seconds (0d 0h 0m 0s)

---------------  T H R E A D  ---------------

Current thread (0x0000014d4661b8e0):  JavaThread "Unknown thread" [_thread_in_vm, id=9440, stack(0x000000481a500000,0x000000481a600000)]

Stack: [0x000000481a500000,0x000000481a600000]
Native frames: (J=compiled Java code, j=interpreted, Vv=VM code, C=native code)
V  [jvm.dll+0x6886e9]
V  [jvm.dll+0x841e4a]
V  [jvm.dll+0x843a8e]
V  [jvm.dll+0x8440f3]
V  [jvm.dll+0x24c14f]
V  [jvm.dll+0x685499]
V  [jvm.dll+0x679c2a]
V  [jvm.dll+0x30cf9b]
V  [jvm.dll+0x314446]
V  [jvm.dll+0x36425e]
V  [jvm.dll+0x36448f]
V  [jvm.dll+0x2e2d68]
V  [jvm.dll+0x2e3cd4]
V  [jvm.dll+0x8129f1]
V  [jvm.dll+0x3720c1]
V  [jvm.dll+0x7f152c]
V  [jvm.dll+0x3f5d4f]
V  [jvm.dll+0x3f7981]
C  [jli.dll+0x528f]
C  [ucrtbase.dll+0x29333]
C  [KERNEL32.DLL+0x1257d]
C  [ntdll.dll+0x5aa48]


---------------  P R O C E S S  ---------------

Threads class SMR info:
_java_thread_list=0x00007ffd9cabef18, length=0, elements={
}

Java Threads: ( => current thread )

Other Threads:
  0x0000014d466891e0 GCTaskThread "GC Thread#0" [stack: 0x000000481a600000,0x000000481a700000] [id=22116]
  0x0000014d46699b70 ConcurrentGCThread "G1 Main Marker" [stack: 0x000000481a700000,0x000000481a800000] [id=21636]
  0x0000014d4669a590 ConcurrentGCThread "G1 Conc#0" [stack: 0x000000481a800000,0x000000481a900000] [id=19976]

[error occurred during error reporting (printing all threads), id 0xc0000005, EXCEPTION_ACCESS_VIOLATION (0xc0000005) at pc=0x00007ffd9c273937]

VM state: not at safepoint (not fully initialized)

VM Mutex/Monitor currently owned by a thread:  ([mutex/lock_event])
[0x0000014d46613f20] Heap_lock - owner thread: 0x0000014d4661b8e0

Heap address: 0x0000000705c00000, size: 4004 MB, Compressed Oops mode: Zero based, Oop shift amount: 3

CDS archive(s) mapped at: [0x0000000000000000-0x0000000000000000-0x0000000000000000), size 0, SharedBaseAddress: 0x0000000800000000, ArchiveRelocationMode: 1.
Narrow klass base: 0x0000000000000000, Narrow klass shift: 0, Narrow klass range: 0x0

GC Precious Log:
<Empty>

Heap:
 garbage-first heap   total 0K, used 0K [0x0000000705c00000, 0x0000000800000000)
  region size 2048K, 0 young (0K), 0 survivors (0K)
 Metaspace       used 0K, committed 0K, reserved 0K
  class space    used 0K, committed 0K, reserved 0K

Heap Regions: E=young(eden), S=young(survivor), O=old, HS=humongous(starts), HC=humongous(continues), CS=collection set, F=free, OA=open archive, CA=closed archive, TAMS=top-at-mark-start (previous, next)

Card table byte_map: [0x0000014d59b50000,0x0000014d5a330000] _byte_map_base: 0x0000014d56322000

Marking Bits (Prev, Next): (CMBitMap*) 0x0000014d46689800, (CMBitMap*) 0x0000014d46689840
 Prev Bits: [0x0000014d5ab10000, 0x0000014d5e9a0000)
 Next Bits: [0x0000014d5e9a0000, 0x0000014d62830000)

GC Heap History (0 events):
No events

Dll operation events (1 events):
Event: 0.009 Loaded shared library D:\AndroidStudio\Android\jbr\bin\java.dll

Deoptimization events (0 events):
No events

Classes unloaded (0 events):
No events

Classes redefined (0 events):
No events

Internal exceptions (0 events):
No events

VM Operations (0 events):
No events

Events (0 events):
No events


Dynamic libraries:
0x00007ff6816d0000 - 0x00007ff6816da000 	D:\AndroidStudio\Android\jbr\bin\java.exe
0x00007ffdea6d0000 - 0x00007ffdea8e7000 	C:\WINDOWS\SYSTEM32\ntdll.dll
0x00007ffde8910000 - 0x00007ffde89d4000 	C:\WINDOWS\System32\KERNEL32.DLL
0x00007ffde7c80000 - 0x00007ffde8027000 	C:\WINDOWS\System32\KERNELBASE.dll
0x00007ffde7a90000 - 0x00007ffde7ba1000 	C:\WINDOWS\System32\ucrtbase.dll
0x00007ffdcf3c0000 - 0x00007ffdcf3d7000 	D:\AndroidStudio\Android\jbr\bin\jli.dll
0x00007ffdcf180000 - 0x00007ffdcf19b000 	D:\AndroidStudio\Android\jbr\bin\VCRUNTIME140.dll
0x00007ffde8400000 - 0x00007ffde85ae000 	C:\WINDOWS\System32\USER32.dll
0x00007ffde7c20000 - 0x00007ffde7c46000 	C:\WINDOWS\System32\win32u.dll
0x00007ffde8a60000 - 0x00007ffde8a89000 	C:\WINDOWS\System32\GDI32.dll
0x00007ffdce0f0000 - 0x00007ffdce383000 	C:\WINDOWS\WinSxS\amd64_microsoft.windows.common-controls_6595b64144ccf1df_6.0.22621.3527_none_270e469b73872a76\COMCTL32.dll
0x00007ffde80f0000 - 0x00007ffde8209000 	C:\WINDOWS\System32\gdi32full.dll
0x00007ffde9ee0000 - 0x00007ffde9f87000 	C:\WINDOWS\System32\msvcrt.dll
0x00007ffde79f0000 - 0x00007ffde7a8a000 	C:\WINDOWS\System32\msvcp_win.dll
0x00007ffde9450000 - 0x00007ffde9481000 	C:\WINDOWS\System32\IMM32.DLL
0x00007ffdd7620000 - 0x00007ffdd762c000 	D:\AndroidStudio\Android\jbr\bin\vcruntime140_1.dll
0x00007ffd9e8b0000 - 0x00007ffd9e93d000 	D:\AndroidStudio\Android\jbr\bin\msvcp140.dll
0x00007ffd9bf80000 - 0x00007ffd9cc03000 	D:\AndroidStudio\Android\jbr\bin\server\jvm.dll
0x00007ffde87c0000 - 0x00007ffde8872000 	C:\WINDOWS\System32\ADVAPI32.dll
0x00007ffdea5e0000 - 0x00007ffdea688000 	C:\WINDOWS\System32\sechost.dll
0x00007ffde7c50000 - 0x00007ffde7c78000 	C:\WINDOWS\System32\bcrypt.dll
0x00007ffde9230000 - 0x00007ffde9345000 	C:\WINDOWS\System32\RPCRT4.dll
0x00007ffde6830000 - 0x00007ffde687d000 	C:\WINDOWS\SYSTEM32\POWRPROF.dll
0x00007ffdda5e0000 - 0x00007ffdda5ea000 	C:\WINDOWS\SYSTEM32\VERSION.dll
0x00007ffddce80000 - 0x00007ffddceb4000 	C:\WINDOWS\SYSTEM32\WINMM.dll
0x00007ffde46e0000 - 0x00007ffde46e9000 	C:\WINDOWS\SYSTEM32\WSOCK32.dll
0x00007ffde89e0000 - 0x00007ffde8a51000 	C:\WINDOWS\System32\WS2_32.dll
0x00007ffde6810000 - 0x00007ffde6823000 	C:\WINDOWS\SYSTEM32\UMPDC.dll
0x00007ffde6ac0000 - 0x00007ffde6ad8000 	C:\WINDOWS\SYSTEM32\kernel.appcore.dll
0x00007ffde45a0000 - 0x00007ffde45aa000 	D:\AndroidStudio\Android\jbr\bin\jimage.dll
0x00007ffde5170000 - 0x00007ffde53a3000 	C:\WINDOWS\SYSTEM32\DBGHELP.DLL
0x00007ffdea250000 - 0x00007ffdea5d8000 	C:\WINDOWS\System32\combase.dll
0x00007ffde9150000 - 0x00007ffde9227000 	C:\WINDOWS\System32\OLEAUT32.dll
0x00007ffdd8330000 - 0x00007ffdd8362000 	C:\WINDOWS\SYSTEM32\dbgcore.DLL
0x00007ffde8380000 - 0x00007ffde83f9000 	C:\WINDOWS\System32\bcryptPrimitives.dll
0x00007ffde0650000 - 0x00007ffde0675000 	D:\AndroidStudio\Android\jbr\bin\java.dll

dbghelp: loaded successfully - version: 4.0.5 - missing functions: none
symbol engine: initialized successfully - sym options: 0x614 - pdb path: .;D:\AndroidStudio\Android\jbr\bin;C:\WINDOWS\SYSTEM32;C:\WINDOWS\WinSxS\amd64_microsoft.windows.common-controls_6595b64144ccf1df_6.0.22621.3527_none_270e469b73872a76;D:\AndroidStudio\Android\jbr\bin\server

VM Arguments:
java_command: git4idea.http.GitAskPassApp Username for 'https://github.com': 
java_class_path (initial): D:/AndroidStudio/Android/plugins/vcs-git/lib/git4idea-rt.jar;D:/AndroidStudio/Android/lib/externalProcess-rt.jar
Launcher Type: SUN_STANDARD

[Global flags]
     intx CICompilerCount                          = 12                                        {product} {ergonomic}
     uint ConcGCThreads                            = 3                                         {product} {ergonomic}
     uint G1ConcRefinementThreads                  = 13                                        {product} {ergonomic}
   size_t G1HeapRegionSize                         = 2097152                                   {product} {ergonomic}
    uintx GCDrainStackTargetSize                   = 64                                        {product} {ergonomic}
   size_t InitialHeapSize                          = 264241152                                 {product} {ergonomic}
   size_t MarkStackSize                            = 4194304                                   {product} {ergonomic}
   size_t MaxHeapSize                              = 4198498304                                {product} {ergonomic}
   size_t MinHeapDeltaBytes                        = 2097152                                   {product} {ergonomic}
   size_t MinHeapSize                              = 8388608                                   {product} {ergonomic}
    uintx NonNMethodCodeHeapSize                   = 7602480                                {pd product} {ergonomic}
    uintx NonProfiledCodeHeapSize                  = 122027880                              {pd product} {ergonomic}
    uintx ProfiledCodeHeapSize                     = 122027880                              {pd product} {ergonomic}
    uintx ReservedCodeCacheSize                    = 251658240                              {pd product} {ergonomic}
     bool SegmentedCodeCache                       = true                                      {product} {ergonomic}
   size_t SoftMaxHeapSize                          = 4198498304                             {manageable} {ergonomic}
     bool UseCompressedClassPointers               = true                           {product lp64_product} {ergonomic}
     bool UseCompressedOops                        = true                           {product lp64_product} {ergonomic}
     bool UseG1GC                                  = true                                      {product} {ergonomic}
     bool UseLargePagesIndividualAllocation        = false                                  {pd product} {ergonomic}

Logging:
Log output configuration:
 #0: stdout all=warning uptime,level,tags
 #1: stderr all=off uptime,level,tags

Environment Variables:
JAVA_HOME=C:\Program Files\Java\jdk-18.0.2
PATH=C:/Program Files/Git/mingw64/libexec/git-core;C:/Program Files/Git/mingw64/libexec/git-core;C:\Program Files\Git\mingw64\bin;C:\Program Files\Git\usr\bin;C:\Users\전호원\bin;C:\oraclexe\app\oracle\product\11.2.0\server\bin;C:\Database\WINDOWS.X64_193000_db_home\bin;C:\Program Files\Common Files\Oracle\Java\javapath;C:\WINDOWS\system32;C:\WINDOWS;C:\WINDOWS\System32\Wbem;C:\WINDOWS\System32\WindowsPowerShell\v1.0\;C:\WINDOWS\System32\OpenSSH\;C:\Program Files\Bandizip\;C:\Program Files\Java\jdk-18.0.2\bin;C:\Program Files\dotnet\;C:\Program Files\MySQL\MySQL Server 8.1\bin;C:\Program Files (x86)\PuTTY\;C:\Program Files\Git\cmd;C:\Program Files\nodejs\;C:\Program Files\Docker\Docker\resources\bin;D:\anaconda3;D:\anaconda3\Library\mingw-w64\bin;D:\anaconda3\Library\usr\bin;D:\anaconda3\Library\bin;D:\anaconda3\Scripts;C:\Users\전호원\AppData\Local\Programs\Python\Python311\Scripts\;C:\Users\전호원\AppData\Local\Programs\Python\Python311\;C:\Users\전호원\AppData\Local\Microsoft\WindowsApps;C:\Users\전호원\AppData\Local\Programs\Microsoft VS Code\bin;C:\mingw64\bin;C:\Users\전호원\AppData\Local\GitHubDesktop\bin;C:\Users\전호원\AppData\Roaming\npm
USERNAME=전호원
DISPLAY=:0.0
LC_ALL=en_US.UTF-8
TERM=xterm-256color
TMPDIR=C:\Users\전호원\AppData\Local\Temp
OS=Windows_NT
PROCESSOR_IDENTIFIER=Intel64 Family 6 Model 154 Stepping 3, GenuineIntel
TMP=C:\Users\전호원\AppData\Local\Temp
TEMP=C:\Users\전호원\AppData\Local\Temp



Periodic native trim disabled

JNI global refs:
JNI global refs: 0, weak refs: 0

JNI global refs memory usage: 0, weak refs: 0

OOME stack traces (most recent first):
Classloader memory used:


---------------  S Y S T E M  ---------------

OS:
 Windows 11 , 64 bit Build 22621 (10.0.22621.3527)
OS uptime: 0 days 17:35 hours
Hyper-V role detected

CPU: total 16 (initial active 16) (8 cores per cpu, 2 threads per core) family 6 model 154 stepping 3 microcode 0x423, cx8, cmov, fxsr, ht, mmx, 3dnowpref, sse, sse2, sse3, ssse3, sse4.1, sse4.2, popcnt, lzcnt, tsc, tscinvbit, avx, avx2, aes, erms, clmul, bmi1, bmi2, adx, sha, fma, vzeroupper, clflush, clflushopt, clwb, hv
Processor Information for processor 0
  Max Mhz: 1700, Current Mhz: 1700, Mhz Limit: 1700
Processor Information for processor 1
  Max Mhz: 1700, Current Mhz: 1700, Mhz Limit: 1700
Processor Information for processor 2
  Max Mhz: 1700, Current Mhz: 1700, Mhz Limit: 1700
Processor Information for processor 3
  Max Mhz: 1700, Current Mhz: 1700, Mhz Limit: 1700
Processor Information for processor 4
  Max Mhz: 1700, Current Mhz: 1700, Mhz Limit: 1700
Processor Information for processor 5
  Max Mhz: 1700, Current Mhz: 1700, Mhz Limit: 1700
Processor Information for processor 6
  Max Mhz: 1700, Current Mhz: 1700, Mhz Limit: 1700
Processor Information for processor 7
  Max Mhz: 1700, Current Mhz: 1457, Mhz Limit: 1700
Processor Information for processor 8
  Max Mhz: 1700, Current Mhz: 1200, Mhz Limit: 1190
Processor Information for processor 9
  Max Mhz: 1700, Current Mhz: 1200, Mhz Limit: 1190
Processor Information for processor 10
  Max Mhz: 1700, Current Mhz: 1200, Mhz Limit: 1190
Processor Information for processor 11
  Max Mhz: 1700, Current Mhz: 1200, Mhz Limit: 1190
Processor Information for processor 12
  Max Mhz: 1700, Current Mhz: 1200, Mhz Limit: 1190
Processor Information for processor 13
  Max Mhz: 1700, Current Mhz: 1200, Mhz Limit: 1190
Processor Information for processor 14
  Max Mhz: 1700, Current Mhz: 1200, Mhz Limit: 1190
Processor Information for processor 15
  Max Mhz: 1700, Current Mhz: 1200, Mhz Limit: 1190

Memory: 4k page, system-wide physical 16010M (1975M free)
TotalPageFile size 18058M (AvailPageFile size 162M)
current process WorkingSet (physical memory assigned to process): 11M, peak: 11M
current process commit charge ("private bytes"): 70M, peak: 322M

vm_info: OpenJDK 64-Bit Server VM (17.0.9+0--11185874) for windows-amd64 JRE (17.0.9+0--11185874), built on Dec  6 2023 18:57:44 by "androidbuild" with MS VC++ 16.10 / 16.11 (VS2019)

END.
